[debug] [2025-07-22T16:42:07.073Z] ----------------------------------------------------------------------
[debug] [2025-07-22T16:42:07.077Z] Command:       C:\Program Files\nodejs\node.exe C:\Users\rahul\AppData\Roaming\npm\node_modules\firebase-tools\lib\bin\firebase.js init
[debug] [2025-07-22T16:42:07.078Z] CLI Version:   14.11.0
[debug] [2025-07-22T16:42:07.078Z] Platform:      win32
[debug] [2025-07-22T16:42:07.078Z] Node Version:  v22.15.0
[debug] [2025-07-22T16:42:07.079Z] Time:          Tue Jul 22 2025 12:42:07 GMT-0400 (Eastern Daylight Time)
[debug] [2025-07-22T16:42:07.079Z] ----------------------------------------------------------------------
[debug] 
[debug] [2025-07-22T16:42:07.085Z] > command requires scopes: ["email","openid","https://www.googleapis.com/auth/cloudplatformprojects.readonly","https://www.googleapis.com/auth/firebase","https://www.googleapis.com/auth/cloud-platform"]
[debug] [2025-07-22T16:42:07.086Z] > authorizing via signed-in user (rahulksanghvi21@gmail.com)
[info] 
     ######## #### ########  ######## ########     ###     ######  ########
     ##        ##  ##     ## ##       ##     ##  ##   ##  ##       ##
     ######    ##  ########  ######   ########  #########  ######  ######
     ##        ##  ##    ##  ##       ##     ## ##     ##       ## ##
     ##       #### ##     ## ######## ########  ##     ##  ######  ########

You're about to initialize a Firebase project in this directory:

  C:\Users\rahul\OneDrive\Documents\Personal Projects\BuckeyeGrub

[debug] [2025-07-22T16:42:29.378Z] ExitPromptError: User force closed the prompt with SIGINT
    at Interface.sigint (C:\Users\rahul\AppData\Roaming\npm\node_modules\firebase-tools\node_modules\@inquirer\core\dist\commonjs\lib\create-prompt.js:101:37)
    at Interface.emit (node:events:518:28)
    at Interface.emit (node:domain:489:12)
    at [_ttyWrite] [as _ttyWrite] (node:internal/readline/interface:1128:18)
    at ReadStream.onkeypress (node:internal/readline/interface:267:20)
    at ReadStream.emit (node:events:530:35)
    at ReadStream.emit (node:domain:489:12)
    at emitKeys (node:internal/readline/utils:370:14)
    at emitKeys.next (<anonymous>)
    at ReadStream.onData (node:internal/readline/emitKeypressEvents:64:36)
[error] 
[error] Error: An unexpected error has occurred.
